

Starting up. 15:08.02
---------------------
[15:08:02]ADMIN: Loading jobban_rank
[15:08:02]ADMIN: jobban_keylist was empty
[15:08:02]ADMIN: Loading Banlist
[15:08:06]DEBUG: Rebuilding Master Controller
[15:09:15]ACCESS: Login: Verbose Lucidity/(Verbose Lucidity) from 127.0.0.1-2189079236 || BYOND v501
[15:10:35]VOTE: Gamemode vote started by the server.
[15:10:35]DEBUG: The server has called a gamemode vote
[15:11:00]ACCESS: Logout: Verbose Lucidity/(Verbose Lucidity)


Starting up. 15:15.48
---------------------
[15:15:48]ADMIN: Loading jobban_rank
[15:15:48]ADMIN: jobban_keylist was empty
[15:15:48]ADMIN: Loading Banlist
[15:15:51]DEBUG: Rebuilding Master Controller
[15:16:47]ACCESS: Login: Verbose Lucidity/(Verbose Lucidity) from 127.0.0.1-2189079236 || BYOND v501
[15:17:44]ADMIN: Verbose Lucidity has started the game.
[15:17:48]DEBUG: Next event of severity Mundane in 15.542 minutes.
[15:17:48]DEBUG: Next event of severity Moderate in 51.358 minutes.
[15:17:48]DEBUG: Next event of severity Major in 80.1333 minutes.
[15:17:51]ACCESS: Logout: *no key*/(Verbose Lucidity)
[15:17:51]ACCESS: Login: Verbose Lucidity/(Kelsey Knapenberger) from 127.0.0.1-2189079236 || BYOND v501
[15:18:15]EMOTE: mouse (362)/ : <B>The mouse (362)</B> runs in a circle.
[15:18:19]ADMIN: Verbose Lucidity/(Kelsey Knapenberger) created a /obj/item/weapon/gun/projectile/automatic/sts35
[15:18:21]ADMIN: Verbose Lucidity/(Kelsey Knapenberger) created a /obj/item/weapon/gun/projectile/automatic/wt550
[15:18:23]SAY: Tom (601)/ : SQUEEK!
[15:18:23]EMOTE: crab/ : <B>The crab</B> clicks.
[15:18:24]ADMIN: Verbose Lucidity/(Kelsey Knapenberger) created a /obj/item/weapon/gun/projectile/automatic/z8
[15:18:45]EMOTE: Ian/ : <B>Ian</B> chases their tail
[15:18:57]EMOTE: Tom (601)/ : <B>Tom (601)</B> squeaks.
[15:19:01]EMOTE: mouse (154)/ : <B>The mouse (154)</B> shakes.
[15:19:03]EMOTE: Kelsey Knapenberger/Verbose Lucidity : <B>Kelsey Knapenberger</B> screams!
[15:19:05]EMOTE: Kelsey Knapenberger/Verbose Lucidity : <B>Kelsey Knapenberger</B> screams!
[15:19:06]EMOTE: Kelsey Knapenberger/Verbose Lucidity : <B>Kelsey Knapenberger</B> screams!
[15:19:07]EMOTE: Kelsey Knapenberger/Verbose Lucidity : <B>Kelsey Knapenberger</B> screams!
[15:19:09]EMOTE: Ian/ : <B>Ian</B> shakes its head.
[15:19:13]EMOTE: mouse (319)/ : <B>The mouse (319)</B> scritches at something.
[15:19:19]EMOTE: Kelsey Knapenberger/Verbose Lucidity : <B>Kelsey Knapenberger</B> gasps!
[15:19:28]EMOTE: Kelsey Knapenberger/Verbose Lucidity : <B>Kelsey Knapenberger</B> gasps!
[15:19:29]ADMIN: Verbose Lucidity/(Kelsey Knapenberger) healed / Rrvived Verbose Lucidity/(Kelsey Knapenberger)
[15:20:02]EMOTE: Experiment 97d/ : <B>Experiment 97d</B> brays.
[15:20:16]EMOTE: Ian/ : <B>Ian</B> chases their tail
[15:21:00]EMOTE: mouse (419)/ : <B>The mouse (419)</B> scritches at something.
[15:21:08]ADMIN: Verbose Lucidity/(Kelsey Knapenberger) created a /obj/item/ammo_magazine/c38
[15:21:12]ADMIN: Verbose Lucidity/(Kelsey Knapenberger) deleted the speed loader (.38) at (51,137,1)
[15:21:15]ADMIN: Verbose Lucidity/(Kelsey Knapenberger) created a /obj/item/ammo_magazine/c45m/rubber
[15:21:21]ADMIN: Verbose Lucidity/(Kelsey Knapenberger) deleted the magazine (.45 rubber) at (52,137,1)
[15:21:25]ADMIN: Verbose Lucidity/(Kelsey Knapenberger) created a /obj/item/ammo_magazine/a556
[15:21:28]EMOTE: Runtime/ : <B>Runtime</B> shakes their head.
[15:21:34]ADMIN: Verbose Lucidity/(Kelsey Knapenberger) created a /obj/item/ammo_magazine/a50
[15:21:39]ADMIN: Verbose Lucidity/(Kelsey Knapenberger) created a /obj/item/ammo_magazine/a762
[15:21:41]ADMIN: Verbose Lucidity/(Kelsey Knapenberger) created a /obj/item/ammo_magazine/c762
[15:22:42]EMOTE: Ian/ : <B>Ian</B> chases their tail
[15:23:41]ACCESS: Logout: Verbose Lucidity/(Kelsey Knapenberger)
