

Starting up. 21:59.39
---------------------
[21:59:40]MISC: Failed to connect to database in load_admins(). Reverting to legacy system.
[21:59:40]MISC: Database connection failed. Reverting to the legacy ban system.
[21:59:43]DEBUG: Rebuilding Master Controller


Starting up. 22:06.19
---------------------
[22:06:20]ADMIN: Loading jobban_rank
[22:06:20]ADMIN: jobban_keylist was empty
[22:06:20]ADMIN: Loading Banlist
[22:06:23]DEBUG: Rebuilding Master Controller
[22:07:17]ACCESS: Login: Verbose Lucidity/(Verbose Lucidity) from 127.0.0.1-2189079236 || BYOND v501
[22:08:39]VOTE: Gamemode vote started by the server.
[22:08:39]DEBUG: The server has called a gamemode vote
[22:08:52]ADMIN: Verbose Lucidity has started the game.
[22:08:53]ACCESS: Logout: *no key*/(Verbose Lucidity)
[22:08:53]ACCESS: Login: Verbose Lucidity/(Kelsey Knapenberger) from 127.0.0.1-2189079236 || BYOND v501
[22:08:57]DEBUG: Next event of severity Mundane in 17.758 minutes.
[22:08:57]DEBUG: Next event of severity Moderate in 40.998 minutes.
[22:08:57]DEBUG: Next event of severity Major in 91.8917 minutes.
[22:09:15]ADMIN: Verbose Lucidity/(Kelsey Knapenberger) created a /obj/item/weapon/beach_ball/holoball
[22:09:21]ADMIN: Verbose Lucidity/(Kelsey Knapenberger) created a /obj/item/weapon/gun/projectile/heavysniper
[22:09:23]SAY: grey baby slime (855)/ : Blorble...
[22:09:27]EMOTE: mouse (239)/ : <B>The mouse (239)</B> shakes.
[22:09:39]EMOTE: Ian/ : <B>Ian</B> dances around
[22:09:55]SAY: Ian/ : Woof!
[22:10:47]ADMIN: Verbose Lucidity/(Kelsey Knapenberger) created a /obj/item/tk_grab
[22:10:47]SAY: mouse (158)/ : Squeek?
[22:10:51]ADMIN: Verbose Lucidity/(Kelsey Knapenberger) deleted Telekinetic Grab at (105,141,1)
[22:10:55]EMOTE: Ian/ : <B>Ian</B> chases their tail
[22:11:00]ADMIN: Verbose Lucidity/(Kelsey Knapenberger) created a /obj/item/ammo_casing/a145
[22:11:03]EMOTE: mouse (158)/ : <B>The mouse (158)</B> squeaks.
[22:11:24]ADMIN: Verbose Lucidity/(Kelsey Knapenberger) created a /obj/item/ammo_casing/a145
[22:11:27]SAY: grey baby slime (500)/ : Rawr...
[22:11:38]ADMIN: Verbose Lucidity/(Kelsey Knapenberger) created a /mob/living/carbon/human
[22:11:46]ATTACK: Kelsey Knapenberger (verboselucidity) shot the unknown () with a the bullet (<A HREF='?_src_=holder;adminplayerobservecoodjump=1;X=98;Y=136;Z=1'>JMP</a>)
[22:11:47]EMOTE: unknown/ : <B>The unknown</B> screams!
[22:12:20]ADMIN: Verbose Lucidity/(Kelsey Knapenberger) created a /obj/item/ammo_casing/a145
[22:12:35]ATTACK: Kelsey Knapenberger (verboselucidity) shot the unknown () with a the bullet (<A HREF='?_src_=holder;adminplayerobservecoodjump=1;X=98;Y=131;Z=1'>JMP</a>)
[22:12:35]EMOTE: unknown/ : <B>The unknown</B> screams!
[22:12:35]EMOTE: unknown/ : <B>The unknown</B> screams!
[22:12:37]EMOTE: Ian/ : <B>Ian</B> dances around
[22:12:51]ADMIN: Verbose Lucidity/(Kelsey Knapenberger) created a /obj/item/ammo_casing/a145
[22:13:03]EMOTE: crab/ : <B>The crab</B> clacks.
[22:13:04]ADMIN: Verbose Lucidity/(Kelsey Knapenberger) created a /obj/item/ammo_casing/a145
[22:13:07]EMOTE: Experiment 97d/ : <B>Experiment 97d</B> stamps a foot.
[22:13:12]ADMIN: Verbose Lucidity/(Kelsey Knapenberger) created a /obj/item/ammo_casing/a145
[22:13:23]ATTACK: Kelsey Knapenberger (verboselucidity) shot the unknown () with a the bullet (<A HREF='?_src_=holder;adminplayerobservecoodjump=1;X=96;Y=140;Z=1'>JMP</a>)
[22:13:27]ADMIN: Verbose Lucidity/(Kelsey Knapenberger) created a /obj/item/ammo_casing/a145
[22:13:31]EMOTE: mouse (158)/ : <B>The mouse (158)</B> squiks.
[22:13:53]ADMIN: Verbose Lucidity/(Kelsey Knapenberger) created a /mob/living/carbon/human
[22:14:01]SAY: grey baby slime (500)/ : Blop...
[22:14:01]EMOTE: Experiment 68a/ : <B>Experiment 68a</B> clacks.
[22:14:33]SAY: Ian/ : Bark!
[22:14:36]ADMIN: Verbose Lucidity/(Kelsey Knapenberger) created 25ea /obj/item/ammo_casing/a145
[22:15:10]ATTACK: Kelsey Knapenberger (verboselucidity) shot the unknown () with a the bullet (<A HREF='?_src_=holder;adminplayerobservecoodjump=1;X=96;Y=138;Z=1'>JMP</a>)
[22:15:47]ATTACK: Kelsey Knapenberger (verboselucidity) shot the unknown () with a the bullet (<A HREF='?_src_=holder;adminplayerobservecoodjump=1;X=96;Y=138;Z=1'>JMP</a>)
[22:15:48]EMOTE: unknown/ : <B>The unknown</B> screams!
[22:15:56]SAY: grey baby slime (855)/ : Lonely...
[22:16:05]EMOTE: Kelsey Knapenberger/Verbose Lucidity : <B>Kelsey Knapenberger</B> screams!
[22:16:08]SAY: mouse (239)/ : SQUEEK!
[22:16:18]SAY: Experiment 97d/ : EHEHEHEHEH
[22:16:48]SAY: grey baby slime (855)/ : Rawr...
[22:18:44]EMOTE: unknown/ : <B>The unknown</B> can no longer stand, collapsing!
[22:18:50]EMOTE: unknown/ : <B>The unknown</B> gasps!
[22:19:00]EMOTE: unknown/ : <B>The unknown</B> gasps!
[22:19:02]EMOTE: Kelsey Knapenberger/Verbose Lucidity : <B>Kelsey Knapenberger</B> can no longer stand, collapsing!
[22:19:02]EMOTE: unknown/ : <B>The unknown</B> gasps!
[22:19:20]EMOTE: Ian/ : <B>Ian</B> chases their tail
[22:19:20]EMOTE: Coffee/ : <B>Coffee</B> clicks.
[22:20:13]EMOTE: Tom (231)/ : <B>Tom (231)</B> squeeks.
[22:20:25]EMOTE: Experiment 97d/ : <B>Experiment 97d</B> stamps a foot.
[22:20:26]ACCESS: Logout: Verbose Lucidity/(Kelsey Knapenberger)
